  Bomb.cpp
C:\Users\Marion\Git\indecis\Indecis\Indecis\Grid.h(2,10): warning C4067: unexpected tokens following preprocessor directive - expected a newline
C:\Users\Marion\Git\indecis\Indecis\Indecis\Definitions.h(2,1): warning C4005: '_WIN32_WINNT': macro redefinition
C:\Program Files (x86)\Windows Kits\10\Include\10.0.22621.0\shared\sdkddkver.h(224,1): message : see previous definition of '_WIN32_WINNT'
C:\Users\Marion\Git\indecis\Indecis\Indecis\Explosion.h(2,10): warning C4067: unexpected tokens following preprocessor directive - expected a newline
C:\Users\Marion\Git\indecis\Indecis\Indecis\Player.h(5,10): warning C4067: unexpected tokens following preprocessor directive - expected a newline
C:\Users\Marion\Git\indecis\Indecis\Indecis\Entity.h(2,10): warning C4067: unexpected tokens following preprocessor directive - expected a newline
C:\Users\Marion\Git\indecis\Indecis\Indecis\Bomb.cpp(26,80): warning C4244: 'argument': conversion from 'float' to 'int', possible loss of data
C:\Users\Marion\Git\indecis\Indecis\Indecis\Bomb.cpp(26,67): warning C4244: 'argument': conversion from 'float' to 'int', possible loss of data
C:\Users\Marion\Git\indecis\Indecis\Indecis\Bomb.cpp(27,80): warning C4244: 'argument': conversion from 'float' to 'int', possible loss of data
C:\Users\Marion\Git\indecis\Indecis\Indecis\Bomb.cpp(27,67): warning C4244: 'argument': conversion from 'float' to 'int', possible loss of data
C:\Users\Marion\Git\indecis\Indecis\Indecis\Bomb.cpp(28,79): warning C4244: 'argument': conversion from 'float' to 'int', possible loss of data
C:\Users\Marion\Git\indecis\Indecis\Indecis\Bomb.cpp(28,64): warning C4244: 'argument': conversion from 'float' to 'int', possible loss of data
C:\Users\Marion\Git\indecis\Indecis\Indecis\Bomb.cpp(29,79): warning C4244: 'argument': conversion from 'float' to 'int', possible loss of data
C:\Users\Marion\Git\indecis\Indecis\Indecis\Bomb.cpp(29,64): warning C4244: 'argument': conversion from 'float' to 'int', possible loss of data
  Buffer.cpp
C:\Users\Marion\Git\indecis\Indecis\Indecis\Grid.h(2,10): warning C4067: unexpected tokens following preprocessor directive - expected a newline
C:\Users\Marion\Git\indecis\Indecis\Indecis\Buffer.cpp(48,30): warning C4244: 'initializing': conversion from 'float' to 'int', possible loss of data
C:\Users\Marion\Git\indecis\Indecis\Indecis\Buffer.cpp(49,30): warning C4244: 'initializing': conversion from 'float' to 'int', possible loss of data
C:\Users\Marion\Git\indecis\Indecis\Indecis\Buffer.cpp(172,25): warning C4244: 'initializing': conversion from 'float' to 'int', possible loss of data
C:\Users\Marion\Git\indecis\Indecis\Indecis\Buffer.cpp(173,25): warning C4244: 'initializing': conversion from 'float' to 'int', possible loss of data
C:\Users\Marion\Git\indecis\Indecis\Indecis\Buffer.cpp(181,28): warning C4244: 'initializing': conversion from 'float' to 'int', possible loss of data
C:\Users\Marion\Git\indecis\Indecis\Indecis\Buffer.cpp(182,37): warning C4244: '=': conversion from 'float' to 'int', possible loss of data
C:\Users\Marion\Git\indecis\Indecis\Indecis\Buffer.cpp(183,92): warning C4244: 'argument': conversion from 'int' to 'float', possible loss of data
C:\Users\Marion\Git\indecis\Indecis\Indecis\Buffer.cpp(183,67): warning C4244: 'argument': conversion from 'int' to 'float', possible loss of data
C:\Users\Marion\Git\indecis\Indecis\Indecis\Buffer.cpp(183,52): warning C4244: 'argument': conversion from 'int' to 'float', possible loss of data
C:\Users\Marion\Git\indecis\Indecis\Indecis\Buffer.cpp(183,36): warning C4244: '=': conversion from 'float' to 'int', possible loss of data
C:\Users\Marion\Git\indecis\Indecis\Indecis\Buffer.cpp(184,28): warning C4244: 'initializing': conversion from 'float' to 'int', possible loss of data
C:\Users\Marion\Git\indecis\Indecis\Indecis\Buffer.cpp(185,37): warning C4244: '=': conversion from 'float' to 'int', possible loss of data
C:\Users\Marion\Git\indecis\Indecis\Indecis\Buffer.cpp(186,95): warning C4244: 'argument': conversion from 'int' to 'float', possible loss of data
C:\Users\Marion\Git\indecis\Indecis\Indecis\Buffer.cpp(186,69): warning C4244: 'argument': conversion from 'int' to 'float', possible loss of data
C:\Users\Marion\Git\indecis\Indecis\Indecis\Buffer.cpp(186,53): warning C4244: 'argument': conversion from 'int' to 'float', possible loss of data
C:\Users\Marion\Git\indecis\Indecis\Indecis\Buffer.cpp(186,36): warning C4244: '=': conversion from 'float' to 'int', possible loss of data
  DummyWall.cpp
C:\Users\Marion\Git\indecis\Indecis\Indecis\DummyWall.h(2,10): warning C4067: unexpected tokens following preprocessor directive - expected a newline
C:\Users\Marion\Git\indecis\Indecis\Indecis\Entity.h(2,10): warning C4067: unexpected tokens following preprocessor directive - expected a newline
C:\Users\Marion\Git\indecis\Indecis\Indecis\Grid.h(2,10): warning C4067: unexpected tokens following preprocessor directive - expected a newline
C:\Users\Marion\Git\indecis\Indecis\Indecis\Definitions.h(2,1): warning C4005: '_WIN32_WINNT': macro redefinition
C:\Program Files (x86)\Windows Kits\10\Include\10.0.22621.0\shared\sdkddkver.h(224,1): message : see previous definition of '_WIN32_WINNT'
  Entity.cpp
C:\Users\Marion\Git\indecis\Indecis\Indecis\Entity.h(2,10): warning C4067: unexpected tokens following preprocessor directive - expected a newline
C:\Users\Marion\Git\indecis\Indecis\Indecis\Grid.h(2,10): warning C4067: unexpected tokens following preprocessor directive - expected a newline
C:\Users\Marion\Git\indecis\Indecis\Indecis\Definitions.h(2,1): warning C4005: '_WIN32_WINNT': macro redefinition
C:\Program Files (x86)\Windows Kits\10\Include\10.0.22621.0\shared\sdkddkver.h(224,1): message : see previous definition of '_WIN32_WINNT'
  Explosion.cpp
C:\Users\Marion\Git\indecis\Indecis\Indecis\Explosion.h(2,10): warning C4067: unexpected tokens following preprocessor directive - expected a newline
C:\Users\Marion\Git\indecis\Indecis\Indecis\Grid.h(2,10): warning C4067: unexpected tokens following preprocessor directive - expected a newline
C:\Users\Marion\Git\indecis\Indecis\Indecis\Definitions.h(2,1): warning C4005: '_WIN32_WINNT': macro redefinition
C:\Program Files (x86)\Windows Kits\10\Include\10.0.22621.0\shared\sdkddkver.h(224,1): message : see previous definition of '_WIN32_WINNT'
C:\Users\Marion\Git\indecis\Indecis\Indecis\Player.h(5,10): warning C4067: unexpected tokens following preprocessor directive - expected a newline
C:\Users\Marion\Git\indecis\Indecis\Indecis\Entity.h(2,10): warning C4067: unexpected tokens following preprocessor directive - expected a newline
C:\Users\Marion\Git\indecis\Indecis\Indecis\Explosion.cpp(31,39): warning C4244: '=': conversion from 'float' to 'int', possible loss of data
C:\Users\Marion\Git\indecis\Indecis\Indecis\Explosion.cpp(34,39): warning C4244: '=': conversion from 'float' to 'int', possible loss of data
C:\Users\Marion\Git\indecis\Indecis\Indecis\Explosion.cpp(37,39): warning C4244: '=': conversion from 'float' to 'int', possible loss of data
C:\Users\Marion\Git\indecis\Indecis\Indecis\Explosion.cpp(40,39): warning C4244: '=': conversion from 'float' to 'int', possible loss of data
C:\Users\Marion\Git\indecis\Indecis\Indecis\Explosion.cpp(57,62): warning C4244: 'argument': conversion from 'int' to 'float', possible loss of data
C:\Users\Marion\Git\indecis\Indecis\Indecis\Explosion.cpp(57,51): warning C4244: 'argument': conversion from 'int' to 'float', possible loss of data
  Sprite.cpp
  SpriteReader.cpp
  Transform.cpp
C:\Users\Marion\Git\indecis\Indecis\Indecis\Grid.h(2,10): warning C4067: unexpected tokens following preprocessor directive - expected a newline
C:\Users\Marion\Git\indecis\Indecis\Indecis\Definitions.h(2,1): warning C4005: '_WIN32_WINNT': macro redefinition
C:\Program Files (x86)\Windows Kits\10\Include\10.0.22621.0\shared\sdkddkver.h(224,1): message : see previous definition of '_WIN32_WINNT'
  Grid.cpp
C:\Users\Marion\Git\indecis\Indecis\Indecis\Grid.h(2,10): warning C4067: unexpected tokens following preprocessor directive - expected a newline
C:\Users\Marion\Git\indecis\Indecis\Indecis\Grid.cpp(53,15): warning C4244: 'argument': conversion from 'time_t' to 'unsigned int', possible loss of data
C:\Users\Marion\Git\indecis\Indecis\Indecis\Grid.cpp(55,20): warning C4244: '=': conversion from 'int' to 'float', possible loss of data
C:\Users\Marion\Git\indecis\Indecis\Indecis\Grid.cpp(56,20): warning C4244: '=': conversion from 'int' to 'float', possible loss of data
C:\Users\Marion\Git\indecis\Indecis\Indecis\Grid.cpp(57,30): warning C4244: 'argument': conversion from 'float' to 'int', possible loss of data
C:\Users\Marion\Git\indecis\Indecis\Indecis\Grid.cpp(57,27): warning C4244: 'argument': conversion from 'float' to 'int', possible loss of data
  Indecis.cpp
C:\Users\Marion\Git\indecis\Indecis\Indecis\Definitions.h(2,1): warning C4005: '_WIN32_WINNT': macro redefinition
C:\Program Files (x86)\Windows Kits\10\Include\10.0.22621.0\shared\sdkddkver.h(224,1): message : see previous definition of '_WIN32_WINNT'
C:\Users\Marion\Git\indecis\Indecis\Indecis\Grid.h(2,10): warning C4067: unexpected tokens following preprocessor directive - expected a newline
C:\Users\Marion\Git\indecis\Indecis\Indecis\Player.h(5,10): warning C4067: unexpected tokens following preprocessor directive - expected a newline
C:\Users\Marion\Git\indecis\Indecis\Indecis\Entity.h(2,10): warning C4067: unexpected tokens following preprocessor directive - expected a newline
C:\Users\Marion\Git\indecis\Indecis\Indecis\Explosion.h(2,10): warning C4067: unexpected tokens following preprocessor directive - expected a newline
C:\Users\Marion\Git\indecis\Indecis\Indecis\DummyWall.h(2,10): warning C4067: unexpected tokens following preprocessor directive - expected a newline
C:\Users\Marion\Git\indecis\Indecis\Indecis\Indecis.cpp(59,81): warning C4244: 'argument': conversion from 'int' to 'float', possible loss of data
C:\Users\Marion\Git\indecis\Indecis\Indecis\Indecis.cpp(59,56): warning C4244: 'argument': conversion from 'int' to 'float', possible loss of data
  NYTimer.cpp
  Player.cpp
C:\Users\Marion\Git\indecis\Indecis\Indecis\Player.h(5,10): warning C4067: unexpected tokens following preprocessor directive - expected a newline
C:\Users\Marion\Git\indecis\Indecis\Indecis\Entity.h(2,10): warning C4067: unexpected tokens following preprocessor directive - expected a newline
C:\Users\Marion\Git\indecis\Indecis\Indecis\Grid.h(2,10): warning C4067: unexpected tokens following preprocessor directive - expected a newline
C:\Users\Marion\Git\indecis\Indecis\Indecis\Definitions.h(2,1): warning C4005: '_WIN32_WINNT': macro redefinition
C:\Program Files (x86)\Windows Kits\10\Include\10.0.22621.0\shared\sdkddkver.h(224,1): message : see previous definition of '_WIN32_WINNT'
C:\Users\Marion\Git\indecis\Indecis\Indecis\Explosion.h(2,10): warning C4067: unexpected tokens following preprocessor directive - expected a newline
C:\Users\Marion\Git\indecis\Indecis\Indecis\Player.cpp(2,21): warning C4305: 'initializing': truncation from 'double' to 'float'
C:\Users\Marion\Git\indecis\Indecis\Indecis\Player.cpp(10,70): warning C4244: 'argument': conversion from 'float' to 'int', possible loss of data
C:\Users\Marion\Git\indecis\Indecis\Indecis\Player.cpp(10,38): warning C4244: 'argument': conversion from 'float' to 'int', possible loss of data
C:\Users\Marion\Git\indecis\Indecis\Indecis\Player.cpp(18,70): warning C4244: 'argument': conversion from 'float' to 'int', possible loss of data
C:\Users\Marion\Git\indecis\Indecis\Indecis\Player.cpp(18,38): warning C4244: 'argument': conversion from 'float' to 'int', possible loss of data
C:\Users\Marion\Git\indecis\Indecis\Indecis\Player.cpp(26,61): warning C4244: 'argument': conversion from 'float' to 'int', possible loss of data
C:\Users\Marion\Git\indecis\Indecis\Indecis\Player.cpp(26,51): warning C4244: 'argument': conversion from 'float' to 'int', possible loss of data
C:\Users\Marion\Git\indecis\Indecis\Indecis\Player.cpp(34,61): warning C4244: 'argument': conversion from 'float' to 'int', possible loss of data
C:\Users\Marion\Git\indecis\Indecis\Indecis\Player.cpp(34,51): warning C4244: 'argument': conversion from 'float' to 'int', possible loss of data
C:\Users\Marion\Git\indecis\Indecis\Indecis\Player.cpp(51,15): warning C4244: 'initializing': conversion from 'float' to 'int', possible loss of data
C:\Users\Marion\Git\indecis\Indecis\Indecis\Player.cpp(52,15): warning C4244: 'initializing': conversion from 'float' to 'int', possible loss of data
C:\Users\Marion\Git\indecis\Indecis\Indecis\Player.cpp(56,35): warning C4244: '=': conversion from 'float' to 'int', possible loss of data
C:\Users\Marion\Git\indecis\Indecis\Indecis\Player.cpp(59,35): warning C4244: '=': conversion from 'float' to 'int', possible loss of data
C:\Users\Marion\Git\indecis\Indecis\Indecis\Player.cpp(62,35): warning C4244: '=': conversion from 'float' to 'int', possible loss of data
C:\Users\Marion\Git\indecis\Indecis\Indecis\Player.cpp(65,35): warning C4244: '=': conversion from 'float' to 'int', possible loss of data
C:\Users\Marion\Git\indecis\Indecis\Indecis\Player.cpp(73,47): warning C4244: 'argument': conversion from 'int' to 'float', possible loss of data
C:\Users\Marion\Git\indecis\Indecis\Indecis\Player.cpp(73,40): warning C4244: 'argument': conversion from 'int' to 'float', possible loss of data
  UISystem.cpp
  UIWindow.cpp
C:\Users\Marion\Git\indecis\Indecis\Indecis\Definitions.h(2,1): warning C4005: '_WIN32_WINNT': macro redefinition
C:\Program Files (x86)\Windows Kits\10\Include\10.0.22621.0\shared\sdkddkver.h(224,1): message : see previous definition of '_WIN32_WINNT'
C:\Users\Marion\Git\indecis\Indecis\Indecis\UIWindow.cpp(33,15): warning C4244: 'initializing': conversion from 'double' to 'int', possible loss of data
C:\Users\Marion\Git\indecis\Indecis\Indecis\UIWindow.cpp(48,43): warning C4244: 'initializing': conversion from 'float' to 'int', possible loss of data
C:\Users\Marion\Git\indecis\Indecis\Indecis\UIWindow.cpp(48,14): warning C4244: 'initializing': conversion from 'float' to 'const int', possible loss of data
C:\Users\Marion\Git\indecis\Indecis\Indecis\UIWindow.cpp(49,44): warning C4244: 'initializing': conversion from 'float' to 'int', possible loss of data
C:\Users\Marion\Git\indecis\Indecis\Indecis\UIWindow.cpp(49,14): warning C4244: 'initializing': conversion from 'float' to 'const int', possible loss of data
C:\Users\Marion\Git\indecis\Indecis\Indecis\UIWindow.cpp(58,17): warning C4244: 'initializing': conversion from 'float' to 'int', possible loss of data
C:\Users\Marion\Git\indecis\Indecis\Indecis\UIWindow.cpp(59,15): warning C4244: 'initializing': conversion from 'float' to 'int', possible loss of data
  WallTypes.cpp
  Generating Code...
  LINK : C:\Users\Marion\Git\indecis\Indecis\x64\Debug\Indecis.exe not found or not built by the last incremental link; performing full link
  Indecis.vcxproj -> C:\Users\Marion\Git\indecis\Indecis\x64\Debug\Indecis.exe
