d:\00_files\_cours\cnam\2023-2024\c++\projetascii\git\indecis\indecis\indecis\x64\release\vc143.pdb
d:\00_files\_cours\cnam\2023-2024\c++\projetascii\git\indecis\indecis\indecis\x64\release\player.obj
d:\00_files\_cours\cnam\2023-2024\c++\projetascii\git\indecis\indecis\indecis\x64\release\indecis.obj
d:\00_files\_cours\cnam\2023-2024\c++\projetascii\git\indecis\indecis\indecis\x64\release\explosion.obj
d:\00_files\_cours\cnam\2023-2024\c++\projetascii\git\indecis\indecis\indecis\x64\release\dummywall.obj
d:\00_files\_cours\cnam\2023-2024\c++\projetascii\git\indecis\indecis\indecis\x64\release\bomb.obj
d:\00_files\_cours\cnam\2023-2024\c++\projetascii\git\indecis\indecis\indecis\x64\release\audioengine.obj
d:\00_files\_cours\cnam\2023-2024\c++\projetascii\git\indecis\indecis\indecis\x64\release\walltypes.obj
d:\00_files\_cours\cnam\2023-2024\c++\projetascii\git\indecis\indecis\indecis\x64\release\uiwindow.obj
d:\00_files\_cours\cnam\2023-2024\c++\projetascii\git\indecis\indecis\indecis\x64\release\uisystem.obj
d:\00_files\_cours\cnam\2023-2024\c++\projetascii\git\indecis\indecis\indecis\x64\release\nytimer.obj
d:\00_files\_cours\cnam\2023-2024\c++\projetascii\git\indecis\indecis\indecis\x64\release\grid.obj
d:\00_files\_cours\cnam\2023-2024\c++\projetascii\git\indecis\indecis\indecis\x64\release\transform.obj
d:\00_files\_cours\cnam\2023-2024\c++\projetascii\git\indecis\indecis\indecis\x64\release\spritereader.obj
d:\00_files\_cours\cnam\2023-2024\c++\projetascii\git\indecis\indecis\indecis\x64\release\sprite.obj
d:\00_files\_cours\cnam\2023-2024\c++\projetascii\git\indecis\indecis\indecis\x64\release\entity.obj
d:\00_files\_cours\cnam\2023-2024\c++\projetascii\git\indecis\indecis\indecis\x64\release\buffer.obj
d:\00_files\_cours\cnam\2023-2024\c++\projetascii\git\indecis\indecis\x64\release\indecis.exe
d:\00_files\_cours\cnam\2023-2024\c++\projetascii\git\indecis\indecis\indecis\x64\release\indecis.ipdb
d:\00_files\_cours\cnam\2023-2024\c++\projetascii\git\indecis\indecis\x64\release\indecis.pdb
d:\00_files\_cours\cnam\2023-2024\c++\projetascii\git\indecis\indecis\indecis\x64\release\indecis.iobj
d:\00_files\_cours\cnam\2023-2024\c++\projetascii\git\indecis\indecis\indecis\x64\release\indecis.tlog\cl.command.1.tlog
d:\00_files\_cours\cnam\2023-2024\c++\projetascii\git\indecis\indecis\indecis\x64\release\indecis.tlog\cl.read.1.tlog
d:\00_files\_cours\cnam\2023-2024\c++\projetascii\git\indecis\indecis\indecis\x64\release\indecis.tlog\cl.write.1.tlog
d:\00_files\_cours\cnam\2023-2024\c++\projetascii\git\indecis\indecis\indecis\x64\release\indecis.tlog\link.read.29.tlog
d:\00_files\_cours\cnam\2023-2024\c++\projetascii\git\indecis\indecis\indecis\x64\release\indecis.tlog\link.write.1.tlog
d:\00_files\_cours\cnam\2023-2024\c++\projetascii\git\indecis\indecis\indecis\x64\release\indecis.tlog\link.command.1.tlog
d:\00_files\_cours\cnam\2023-2024\c++\projetascii\git\indecis\indecis\indecis\x64\release\indecis.tlog\cl.items.tlog
